2025-04-19 13:37:00 | DEBUG | repo=course-sys-int-systems-exam | action=commit
2025-06-02 07:08:00 | INFO | repo=course-sys-int-systems-exam | action=pull
2025-10-12 08:05:00 | WARN | repo=course-sys-int-systems-exam | action=commit
2025-12-25 09:43:00 | WARN | repo=course-sys-int-systems-exam | action=commit
2025-11-19 21:52:00 | INFO | repo=course-sys-int-systems-exam | action=commit
2025-03-02 11:53:00 | DEBUG | repo=course-sys-int-systems-exam | action=pull
2025-12-19 11:17:00 | INFO | repo=course-sys-int-systems-exam | action=commit
2025-09-22 14:38:00 | WARN | repo=course-sys-int-systems-exam | action=commit
2025-02-06 19:32:00 | INFO | repo=course-sys-int-systems-exam | action=edit | files=5
2025-11-10 08:22:00 | INFO | repo=course-sys-int-systems-exam | action=commit
2025-07-08 12:05:00 | WARN | repo=course-sys-int-systems-exam | action=commit
2025-02-21 16:37:00 | DEBUG | repo=course-sys-int-systems-exam | action=commit
2025-05-25 19:33:00 | INFO | repo=course-sys-int-systems-exam | action=commit
2025-01-01 08:03:00 | INFO | repo=course-sys-int-systems-exam | action=commit
2025-12-05 20:04:00 | INFO | repo=course-sys-int-systems-exam | action=pull
2025-05-13 14:45:00 | DEBUG | repo=course-sys-int-systems-exam | action=test | passed=true
2025-01-06 09:07:00 | WARN | repo=course-sys-int-systems-exam | action=commit
2025-08-27 20:33:00 | WARN | repo=course-sys-int-systems-exam | action=commit
2025-09-18 18:36:00 | INFO | repo=course-sys-int-systems-exam | action=commit
2025-06-07 18:19:00 | WARN | repo=course-sys-int-systems-exam | action=commit
2025-08-21 10:15:00 | DEBUG | repo=course-sys-int-systems-exam | action=pull
2025-07-25 15:05:00 | WARN | repo=course-sys-int-systems-exam | action=commit
2025-06-06 07:12:00 | INFO | repo=course-sys-int-systems-exam | action=commit
2025-05-05 18:50:00 | WARN | repo=course-sys-int-systems-exam | action=test | passed=true
2025-08-02 13:20:00 | INFO | repo=course-sys-int-systems-exam | action=commit
2025-05-02 14:35:00 | INFO | repo=course-sys-int-systems-exam | action=commit
2025-02-07 21:29:00 | WARN | repo=course-sys-int-systems-exam | action=commit
2025-01-09 09:17:00 | INFO | repo=course-sys-int-systems-exam | action=commit
2025-04-04 11:12:00 | INFO | repo=course-sys-int-systems-exam | action=commit
2025-09-22 08:02:00 | DEBUG | repo=course-sys-int-systems-exam | action=commit
2025-01-01 09:17:00 | DEBUG | repo=course-sys-int-systems-exam | action=test | passed=true
2025-04-10 07:03:00 | WARN | repo=course-sys-int-systems-exam | action=edit | files=2
2025-07-20 10:37:00 | WARN | repo=course-sys-int-systems-exam | action=commit
2025-11-03 18:42:00 | DEBUG | repo=course-sys-int-systems-exam | action=commit
2025-07-24 17:53:00 | INFO | repo=course-sys-int-systems-exam | action=commit
2025-05-03 15:55:00 | INFO | repo=course-sys-int-systems-exam | action=edit | files=2
2025-07-22 10:50:00 | WARN | repo=course-sys-int-systems-exam | action=commit
2025-06-19 20:56:00 | INFO | repo=course-sys-int-systems-exam | action=commit
2025-09-27 15:20:00 | WARN | repo=course-sys-int-systems-exam | action=commit
2025-08-26 07:12:00 | INFO | repo=course-sys-int-systems-exam | action=commit
2025-04-03 15:19:00 | INFO | repo=course-sys-int-systems-exam | action=commit
2025-11-27 21:49:00 | INFO | repo=course-sys-int-systems-exam | action=commit
2025-05-16 07:08:00 | INFO | repo=course-sys-int-systems-exam | action=commit
2025-07-07 10:03:00 | DEBUG | repo=course-sys-int-systems-exam | action=commit
2025-06-19 07:23:00 | WARN | repo=course-sys-int-systems-exam | action=commit
2025-06-20 16:35:00 | WARN | repo=course-sys-int-systems-exam | action=commit
2025-07-20 20:28:00 | DEBUG | repo=course-sys-int-systems-exam | action=commit
2025-03-22 18:55:00 | WARN | repo=course-sys-int-systems-exam | action=commit
2025-06-27 10:33:00 | WARN | repo=course-sys-int-systems-exam | action=commit
2025-02-25 07:12:00 | WARN | repo=course-sys-int-systems-exam | action=commit
2025-09-05 07:14:00 | WARN | repo=course-sys-int-systems-exam | action=commit
2025-05-09 11:44:00 | INFO | repo=course-sys-int-systems-exam | action=commit
2025-02-19 13:25:00 | INFO | repo=course-sys-int-systems-exam | action=commit
